<?xml version="1.0" encoding="UTF-8"?>
<!-- Generated by org.testng.reporters.JUnitReportReporter -->
<testsuite hostname="DESKTOP-QP469N6" failures="0" tests="1" name="Testcases.AddingComment" time="52.374" errors="0" timestamp="04 Oct 2018 18:50:41 GMT" skipped="0">
  <testcase classname="Testcases.AddingComment" name="commentingOnBug" time="52.374"/>
</testsuite> <!-- Testcases.AddingComment -->
