<?xml version="1.0" encoding="UTF-8"?>
<!-- Generated by org.testng.reporters.JUnitReportReporter -->
<testsuite hostname="DESKTOP-QP469N6" failures="0" tests="1" name="Testcases.CreatingBug" time="8.482" errors="0" timestamp="04 Oct 2018 17:20:47 GMT" skipped="0">
  <testcase classname="Testcases.CreatingBug" name="creatingBug" time="8.482"/>
</testsuite> <!-- Testcases.CreatingBug -->
