<?xml version="1.0" encoding="UTF-8"?>
<!-- Generated by org.testng.reporters.JUnitReportReporter -->
<testsuite skipped="0" hostname="DESKTOP-QP469N6" name="TestBase.GettingSessionID" tests="1" failures="0" timestamp="04 Oct 2018 04:19:58 GMT" time="4.894" errors="0">
  <testcase name="gettingSessionID" time="4.894" classname="TestBase.GettingSessionID"/>
</testsuite> <!-- TestBase.GettingSessionID -->
