<?xml version="1.0" encoding="UTF-8"?>
<!-- Generated by org.testng.reporters.JUnitReportReporter -->
<testsuite hostname="DESKTOP-QP469N6" failures="0" tests="1" name="TestBase.test" time="0.016" errors="0" timestamp="04 Oct 2018 17:34:45 GMT" skipped="0">
  <testcase classname="TestBase.test" name="test" time="0.016"/>
</testsuite> <!-- TestBase.test -->
